"../../../../../../GitHub/Unreal Projects/Flow/Content/Art/Music/CharacterSounds/FootSteps/Footstep_1.uasset" 0
"../../../../../../GitHub/Unreal Projects/Flow/Content/Art/Music/CharacterSounds/FootSteps/Footstep_10.uasset" 1
"../../../../../../GitHub/Unreal Projects/Flow/Content/Art/Music/CharacterSounds/FootSteps/Footstep_11.uasset" 2
"../../../../../../GitHub/Unreal Projects/Flow/Content/Art/Music/CharacterSounds/FootSteps/Footstep_12.uasset" 3
"../../../../../../GitHub/Unreal Projects/Flow/Content/Art/Music/CharacterSounds/FootSteps/Footstep_13.uasset" 4
"../../../../../../GitHub/Unreal Projects/Flow/Content/Art/Music/CharacterSounds/FootSteps/Footstep_14.uasset" 5
"../../../../../../GitHub/Unreal Projects/Flow/Content/Art/Music/CharacterSounds/FootSteps/Footstep_15.uasset" 6
"../../../../../../GitHub/Unreal Projects/Flow/Content/Art/Music/CharacterSounds/FootSteps/Footstep_16.uasset" 7
"../../../../../../GitHub/Unreal Projects/Flow/Content/Art/Music/CharacterSounds/FootSteps/Footstep_17.uasset" 8
"../../../../../../GitHub/Unreal Projects/Flow/Content/Art/Music/CharacterSounds/FootSteps/Footstep_18.uasset" 9
"../../../../../../GitHub/Unreal Projects/Flow/Content/Art/Music/CharacterSounds/FootSteps/Footstep_19.uasset" 10
"../../../../../../GitHub/Unreal Projects/Flow/Content/Art/Music/CharacterSounds/FootSteps/Footstep_2.uasset" 11
"../../../../../../GitHub/Unreal Projects/Flow/Content/Art/Music/CharacterSounds/FootSteps/Footstep_20.uasset" 12
"../../../../../../GitHub/Unreal Projects/Flow/Content/Art/Music/CharacterSounds/FootSteps/Footstep_3.uasset" 13
"../../../../../../GitHub/Unreal Projects/Flow/Content/Art/Music/CharacterSounds/FootSteps/Footstep_4.uasset" 14
"../../../../../../GitHub/Unreal Projects/Flow/Content/Art/Music/CharacterSounds/FootSteps/Footstep_5.uasset" 15
"../../../../../../GitHub/Unreal Projects/Flow/Content/Art/Music/CharacterSounds/FootSteps/Footstep_6.uasset" 16
"../../../../../../GitHub/Unreal Projects/Flow/Content/Art/Music/CharacterSounds/FootSteps/Footstep_7.uasset" 17
"../../../../../../GitHub/Unreal Projects/Flow/Content/Art/Music/CharacterSounds/FootSteps/Footstep_8.uasset" 18
"../../../../../../GitHub/Unreal Projects/Flow/Content/Art/Music/CharacterSounds/FootSteps/Footstep_9.uasset" 19
"../../../../../../GitHub/Unreal Projects/Flow/Content/Art/Music/CharacterSounds/Jumping/Jumping_1.uasset" 20
"../../../../../../GitHub/Unreal Projects/Flow/Content/Art/Music/CharacterSounds/Jumping/Jumping_2.uasset" 21
"../../../../../../GitHub/Unreal Projects/Flow/Content/Art/Music/CharacterSounds/Jumping/Jumping_3.uasset" 22
"../../../../../../GitHub/Unreal Projects/Flow/Content/UI/camera.uasset" 23
"../../../Engine/Content/Animation/DefaultAnimCurveCompressionSettings.uasset" 24
"../../../Engine/Content/Functions/Engine_MaterialFunctions01/Opacity/CameraDepthFade.uasset" 25
"../../../Engine/Content/EngineMaterials/T_Default_Material_Grid_M.uasset" 26
"../../../Engine/Content/EngineMaterials/T_Default_Material_Grid_N.uasset" 27
"../../../Engine/Content/EngineMaterials/WorldGridMaterial.uasset" 28
"../../../Engine/Content/ArtTools/RenderToTexture/Meshes/S_1_Unit_Plane.uasset" 29
"../../../Engine/Content/EngineMaterials/DefaultMaterial.uasset" 30
"../../../Engine/Content/BasicShapes/Cone.uasset" 31
"../../../Engine/Content/BasicShapes/Cylinder.uasset" 32
"../../../Engine/Content/BasicShapes/Plane.uasset" 33
"../../../Engine/Content/EditorLandscapeResources/DataLayer.uasset" 34
"../../../Engine/Content/EditorMaterials/MAT_Groups_Toggle.uasset" 35
"../../../Engine/Content/EditorMaterials/MAT_Groups_Visibility.uasset" 36
"../../../Engine/Content/EditorMaterials/PreviewShadowIndicator.uasset" 37
"../../../Engine/Content/EditorMaterials/PreviewShadowIndicatorMaterial.uasset" 38
"../../../Engine/Content/EditorMaterials/MatineeGroups/MAT_ColorTrack.uasset" 39
"../../../Engine/Content/EditorMaterials/MatineeGroups/MAT_Groups_Anim.uasset" 40
"../../../Engine/Content/EditorMaterials/MatineeGroups/MAT_Groups_AudioMaster.uasset" 41
"../../../Engine/Content/EditorMaterials/MatineeGroups/MAT_Groups_Director.uasset" 42
"../../../Engine/Content/EditorMaterials/MatineeGroups/MAT_Groups_Event.uasset" 43
"../../../Engine/Content/EditorMaterials/MatineeGroups/MAT_Groups_Fade.uasset" 44
"../../../Engine/Content/EditorMaterials/MatineeGroups/MAT_Groups_Float.uasset" 45
"../../../Engine/Content/EditorMaterials/MatineeGroups/MAT_Groups_Move.uasset" 46
"../../../Engine/Content/EditorMaterials/MatineeGroups/MAT_Groups_Slomo.uasset" 47
"../../../Engine/Content/EditorMaterials/MatineeGroups/MAT_Groups_Sound.uasset" 48
"../../../Engine/Content/EditorMaterials/MatineeGroups/MAT_Groups_Vector.uasset" 49
"../../../Engine/Content/EditorMaterials/ParticleSystems/PSysThumbnail_NoImage.uasset" 50
"../../../Engine/Content/EditorMaterials/ParticleSystems/PSysThumbnail_OOD.uasset" 51
"../../../Engine/Content/EditorMaterials/Camera/CineMat.uasset" 52
"../../../Engine/Content/EditorMaterials/Camera/MI_CineMat_Rig.uasset" 53
"../../../Engine/Content/EditorMeshes/Camera/SM_CraneRig_Arm.uasset" 54
"../../../Engine/Content/EditorMeshes/Camera/SM_CraneRig_Base.uasset" 55
"../../../Engine/Content/EditorMeshes/Camera/SM_CraneRig_Body.uasset" 56
"../../../Engine/Content/EditorMeshes/Camera/SM_CraneRig_Mount.uasset" 57
"../../../Engine/Content/EditorMeshes/Camera/SM_RailRig_Mount.uasset" 58
"../../../Engine/Content/EditorMeshes/Camera/SM_RailRig_Track.uasset" 59
"../../../Engine/Content/EditorResources/BSPVertex.uasset" 60
"../../../Engine/Content/EditorResources/EmptyActor.uasset" 61
"../../../Engine/Content/EditorResources/S_Actor.uasset" 62
"../../../Engine/Content/EditorResources/S_Note.uasset" 63
"../../../Engine/Content/EditorResources/S_Solver.uasset" 64
"../../../Engine/Content/EditorResources/S_Trigger.uasset" 65
"../../../Engine/Content/EditorResources/SequenceRecorder/Countdown.uasset" 66
"../../../Engine/Content/EditorResources/SequenceRecorder/RecordingIndicator.uasset" 67
"../../../Engine/Content/EditorSounds/Notifications/CompileFailed.uasset" 68
"../../../Engine/Content/EditorSounds/Notifications/CompileFailed_Cue.uasset" 69
"../../../Engine/Content/EditorSounds/Notifications/CompileSuccess.uasset" 70
"../../../Engine/Content/EditorSounds/Notifications/CompileStart_Cue.uasset" 71
"../../../Engine/Content/EditorSounds/Notifications/CompileSuccess_Cue.uasset" 72
"../../../Engine/Content/EngineDamageTypes/DmgTypeBP_Environmental.uasset" 73
"../../../Engine/Content/EngineDebugMaterials/DebugEditorMaterial.uasset" 74
"../../../Engine/Content/EngineDebugMaterials/DebugMeshMaterial.uasset" 75
"../../../Engine/Content/EngineDebugMaterials/M_SimpleTranslucent.uasset" 76
"../../../Engine/Content/Functions/Engine_MaterialFunctions02/Utility/CameraDirectionVector.uasset" 77
"../../../Engine/Content/EngineDebugMaterials/VolumeToRender.uasset" 78
"../../../Engine/Content/EngineDebugMaterials/M_VolumeRenderSphereTracePP.uasset" 79
"../../../Engine/Content/EngineDebugMaterials/WireframeMaterial.uasset" 80
"../../../Engine/Content/EngineFonts/Faces/DroidSansFallback.uasset" 81
"../../../Engine/Content/EngineFonts/Faces/RobotoBold.uasset" 82
"../../../Engine/Content/EngineFonts/Faces/RobotoBoldItalic.uasset" 83
"../../../Engine/Content/EngineFonts/Faces/RobotoItalic.uasset" 84
"../../../Engine/Content/EngineFonts/Faces/RobotoLight.uasset" 85
"../../../Engine/Content/EngineFonts/Faces/RobotoRegular.uasset" 86
"../../../Engine/Content/EngineFonts/Roboto.uasset" 87
"../../../Engine/Content/EngineMaterials/BaseFlattenDiffuseMap.uasset" 88
"../../../Engine/Content/EngineMaterials/BaseFlattenEmissiveMap.uasset" 89
"../../../Engine/Content/EngineMaterials/BaseFlattenGrayscaleMap.uasset" 90
"../../../Engine/Content/EngineMaterials/BaseFlattenNormalMap.uasset" 91
"../../../Engine/Content/EngineMaterials/BaseFlattenMaterial.uasset" 92
"../../../Engine/Content/EngineMaterials/BlueNoise.uasset" 93
"../../../Engine/Content/EngineMaterials/DefaultBloomKernel.uasset" 94
"../../../Engine/Content/EngineMaterials/DefaultBokeh.uasset" 95
"../../../Engine/Content/EngineMaterials/DefaultDiffuse.uasset" 96
"../../../Engine/Content/EngineMaterials/DefaultDeferredDecalMaterial.uasset" 97
"../../../Engine/Content/EngineMaterials/DefaultLightFunctionMaterial.uasset" 98
"../../../Engine/Content/EngineMaterials/DefaultPhysicalMaterial.uasset" 99
"../../../Engine/Content/Functions/Engine_MaterialFunctions02/Utility/BreakOutFloat2Components.uasset" 100
"../../../Engine/Content/EngineMaterials/DefaultPostProcessMaterial.uasset" 101
"../../../Engine/Content/EngineFonts/RobotoDistanceField.uasset" 102
"../../../Engine/Content/EngineMaterials/DefaultTextMaterialOpaque.uasset" 103
"../../../Engine/Content/EngineMaterials/DefaultVirtualTextureMaterial.uasset" 104
"../../../Engine/Content/EngineMaterials/DefaultWhiteGrid_Low.uasset" 105
"../../../Engine/Content/EngineMaterials/EmissiveMeshMaterial.uasset" 106
"../../../Engine/Content/EngineMaterials/GizmoMaterial.uasset" 107
"../../../Engine/Content/EngineMaterials/Good64x64TilingNoiseHighFreq.uasset" 108
"../../../Engine/Content/EngineMaterials/HairDefaultMaterial.uasset" 109
"../../../Engine/Content/EngineMaterials/MiniFont.uasset" 110
"../../../Engine/Content/EngineMaterials/InvalidLightmapSettings.uasset" 111
"../../../Engine/Content/EngineMaterials/M_InvalidLightmapSettings.uasset" 112
"../../../Engine/Content/Functions/Engine_MaterialFunctions02/WorldPositionOffset/CameraOffset.uasset" 113
"../../../Engine/Content/EngineMaterials/PhAT_JointLimitMaterial.uasset" 114
"../../../Engine/Content/EngineMaterials/PreintegratedSkinBRDF.uasset" 115
"../../../Engine/Content/EngineMaterials/RemoveSurfaceMaterial.uasset" 116
"../../../Engine/Content/EngineMaterials/WeightMapPlaceholderTexture.uasset" 117
"../../../Engine/Content/EngineResources/WhiteSquareTexture.uasset" 118
"../../../Engine/Content/EngineMaterials/Widget3DPassThrough.uasset" 119
"../../../Engine/Content/EngineMaterials/Widget3DPassThrough_Masked.uasset" 120
"../../../Engine/Content/EngineMaterials/Widget3DPassThrough_Opaque.uasset" 121
"../../../Engine/Content/EngineMaterials/Widget3DPassThrough_Masked_OneSided.uasset" 122
"../../../Engine/Content/EngineMaterials/Widget3DPassThrough_Opaque_OneSided.uasset" 123
"../../../Engine/Content/EngineMaterials/Widget3DPassThrough_Translucent.uasset" 124
"../../../Engine/Content/EngineMaterials/Widget3DPassThrough_Translucent_OneSided.uasset" 125
"../../../Engine/Content/EngineMeshes/Cylinder.uasset" 126
"../../../Engine/Content/EngineMeshes/Sphere.uasset" 127
"../../../Engine/Content/EngineResources/Black.uasset" 128
"../../../Engine/Content/EngineResources/DefaultTexture.uasset" 129
"../../../Engine/Content/EngineResources/DefaultTextureCube.uasset" 130
"../../../Engine/Content/EngineResources/DefaultVolumeTexture2D.uasset" 131
"../../../Engine/Content/EngineResources/DefaultVolumeTexture.uasset" 132
"../../../Engine/Content/EngineResources/GradientTexture0.uasset" 133
"../../../Engine/Content/EngineSounds/Master.uasset" 134
"../../../Engine/Content/Functions/Engine_MaterialFunctions01/Shading/ConvertFromDiffSpec.uasset" 135
"../../../Engine/Content/Functions/Engine_MaterialFunctions01/Shading/PowerToRoughness.uasset" 136
"../../../Engine/Content/Maps/Templates/Thumbnails/Default.uasset" 137
"../../../Engine/Content/Maps/Templates/Thumbnails/TimeOfDay.uasset" 138
"../../../Engine/Content/Maps/Templates/Thumbnails/VR-Basic.uasset" 139
"../../../Engine/Content/MobileResources/T_MobileControls_texture.uasset" 140
"../../../Engine/Content/MobileResources/T_MobileMenu2.uasset" 141
"../../../Engine/Content/MobileResources/HUD/AnalogHat.uasset" 142
"../../../Engine/Content/MobileResources/HUD/VirtualJoystick_Background.uasset" 143
"../../../Engine/Content/MobileResources/HUD/VirtualJoystick_Thumb.uasset" 144
"../../../Engine/Content/MobileResources/HUD/DefaultVirtualJoysticks.uasset" 145
"../../../Engine/Content/MobileResources/HUD/LeftVirtualJoystickOnly.uasset" 146
"../../../Engine/Content/MobileResources/HUD/MobileHUDButton1_off.uasset" 147
"../../../Engine/Content/MobileResources/HUD/MobileHUDButton1_on.uasset" 148
"../../../Engine/Content/MobileResources/HUD/MobileHUDButton2_off.uasset" 149
"../../../Engine/Content/MobileResources/HUD/MobileHUDButton2_on.uasset" 150
"../../../Engine/Content/MobileResources/HUD/MobileHUDButton3.uasset" 151
"../../../Engine/Content/MobileResources/HUD/MobileHUDButtonFire.uasset" 152
"../../../Engine/Content/MobileResources/HUD/MobileHUDDirectionPad.uasset" 153
"../../../Engine/Content/MobileResources/HUD/MobileHUDDirectionPad2.uasset" 154
"../../../Engine/Content/MobileResources/HUD/MobileHUDDirectionPad3.uasset" 155
"../../../Engine/Content/MobileResources/HUD/MobileHUDDirectionStick.uasset" 156
"../../../Engine/Content/MobileResources/HUD/T_Castle_ThumbstickInner.uasset" 157
"../../../Engine/Content/MobileResources/HUD/T_Castle_ThumbstickOutter.uasset" 158
"../../../Engine/Content/Tutorial/ContentIntroCurve.uasset" 159
"../../../Engine/Content/Tutorial/Basics/LevelEditorAttract.uasset" 160
"../../../Engine/Content/Tutorial/Basics/TutorialAssets/icon_tab_Levels_40x.uasset" 161
"../../../Engine/Content/Tutorial/Basics/LevelEditorOverview.uasset" 162
"../../../Engine/Content/Tutorial/BlueprintTutorials/TutorialAssets/Blueprint_64x.uasset" 163
"../../../Engine/Content/Tutorial/BlueprintTutorials/BlueprintEditorTutorial.uasset" 164
"../../../Engine/Content/VREditor/LaserPointer/VR_LaserPower_01.uasset" 165
"../../../Engine/Content/VREditor/TransformGizmo/TransformGizmoMaterial.uasset" 166
"../../../Engine/Content/VREditor/TransformGizmo/TranslucentTransformGizmoMaterial.uasset" 167
"../../../Engine/Content/VREditor/TransformGizmo/BoundingBoxCorner.uasset" 168
"../../../Engine/Content/VREditor/TransformGizmo/BoundingBoxEdge.uasset" 169
"../../../Engine/Content/VREditor/TransformGizmo/PlaneTranslationHandle.uasset" 170
"../../../Engine/Content/VREditor/TransformGizmo/Main.uasset" 171
"../../../Engine/Content/VREditor/TransformGizmo/Xray.uasset" 172
"../../../Engine/Content/VREditor/TransformGizmo/SM_Sequencer_Key.uasset" 173
"../../../Engine/Content/VREditor/TransformGizmo/SM_Sequencer_Node.uasset" 174
"../../Plugins/2D/Paper2D/Content/PlaceholderTextures/DummySpriteTexture.uasset" 175
"../../Plugins/2D/Paper2D/Content/DummySprite.uasset" 176
"../../Plugins/2D/Paper2D/Content/DefaultPaperTerrainMaterial.uasset" 177
"../../Plugins/2D/Paper2D/Content/DummySpriteTexture.uasset" 178
"../../Plugins/2D/Paper2D/Content/DefaultSpriteMaterial.uasset" 179
"../../Plugins/2D/Paper2D/Content/MaskedUnlitSpriteMaterial.uasset" 180
"../../Plugins/2D/Paper2D/Content/OpaqueUnlitSpriteMaterial.uasset" 181
"../../Plugins/Marketplace/BlockoutToolsPlugin/Content/Blueprints/Utility/BlockoutToolsFunctions.uasset" 182
"../../Plugins/Marketplace/BlockoutToolsPlugin/Content/Meshes/SM_Blockout_Cone_Q1.uasset" 183
"../../Plugins/Marketplace/BlockoutToolsPlugin/Content/Meshes/SM_Blockout_Cone_Q2.uasset" 184
"../../Plugins/Marketplace/BlockoutToolsPlugin/Content/Meshes/SM_Blockout_Cone_Q3.uasset" 185
"../../Plugins/Marketplace/BlockoutToolsPlugin/Content/Meshes/SM_Blockout_Cone_Q4.uasset" 186
"../../Plugins/Marketplace/BlockoutToolsPlugin/Content/Blueprints/Blockout_Cone.uasset" 187
"../../Plugins/Marketplace/BlockoutToolsPlugin/Content/Meshes/SM_Blockout_Curved_Corner_Inner_Q1.uasset" 188
"../../Plugins/Marketplace/BlockoutToolsPlugin/Content/Meshes/SM_Blockout_Curved_Corner_Inner_Q2.uasset" 189
"../../Plugins/Marketplace/BlockoutToolsPlugin/Content/Meshes/SM_Blockout_Curved_Corner_Inner_Q3.uasset" 190
"../../Plugins/Marketplace/BlockoutToolsPlugin/Content/Meshes/SM_Blockout_Curved_Corner_Inner_Q4.uasset" 191
"../../Plugins/Marketplace/BlockoutToolsPlugin/Content/Meshes/SM_Blockout_Curved_Corner_Outer_Q1.uasset" 192
"../../Plugins/Marketplace/BlockoutToolsPlugin/Content/Meshes/SM_Blockout_Curved_Corner_Outer_Q2.uasset" 193
"../../Plugins/Marketplace/BlockoutToolsPlugin/Content/Meshes/SM_Blockout_Curved_Corner_Outer_Q3.uasset" 194
"../../Plugins/Marketplace/BlockoutToolsPlugin/Content/Meshes/SM_Blockout_Curved_Corner_Outer_Q4.uasset" 195
"../../Plugins/Marketplace/BlockoutToolsPlugin/Content/Blueprints/Blockout_Corner_Curved.uasset" 196
"../../Plugins/Marketplace/BlockoutToolsPlugin/Content/Meshes/SM_Blockout_Cylinder_Q1.uasset" 197
"../../Plugins/Marketplace/BlockoutToolsPlugin/Content/Meshes/SM_Blockout_Cylinder_Q2.uasset" 198
"../../Plugins/Marketplace/BlockoutToolsPlugin/Content/Meshes/SM_Blockout_Cylinder_Q3.uasset" 199
"../../Plugins/Marketplace/BlockoutToolsPlugin/Content/Meshes/SM_Blockout_Cylinder_Q4.uasset" 200
"../../Plugins/Marketplace/BlockoutToolsPlugin/Content/Blueprints/Blockout_Cylinder.uasset" 201
"../../Plugins/Marketplace/BlockoutToolsPlugin/Content/Meshes/SM_Blockout_Box.uasset" 202
"../../Plugins/Marketplace/BlockoutToolsPlugin/Content/Blueprints/Blockout_Doorway.uasset" 203
"../../../Engine/Content/EditorBlueprintResources/StandardMacros.uasset" 204
"../../Plugins/Marketplace/BlockoutToolsPlugin/Content/Blueprints/Utility/EBlockoutRailingType.uasset" 205
"../../Plugins/Marketplace/BlockoutToolsPlugin/Content/Meshes/SM_Blockout_Railing_Closed.uasset" 206
"../../Plugins/Marketplace/BlockoutToolsPlugin/Content/Meshes/SM_Blockout_Railing_Open.uasset" 207
"../../Plugins/Marketplace/BlockoutToolsPlugin/Content/Meshes/SM_Blockout_Railing_Pole.uasset" 208
"../../Plugins/Marketplace/BlockoutToolsPlugin/Content/Blueprints/Blockout_Railing.uasset" 209
"../../Plugins/Marketplace/BlockoutToolsPlugin/Content/Meshes/SM_Blockout_Ramp.uasset" 210
"../../Plugins/Marketplace/BlockoutToolsPlugin/Content/Blueprints/Blockout_Ramp.uasset" 211
"../../Plugins/Marketplace/BlockoutToolsPlugin/Content/Blueprints/Utility/EBlockoutAlignment.uasset" 212
"../../Plugins/Marketplace/BlockoutToolsPlugin/Content/Meshes/SM_Blockout_Box_Centered.uasset" 213
"../../Plugins/Marketplace/BlockoutToolsPlugin/Content/Meshes/SM_Blockout_Box_Right.uasset" 214
"../../Plugins/Marketplace/BlockoutToolsPlugin/Content/Blueprints/Blockout_Skewbox.uasset" 215
"../../Plugins/Marketplace/BlockoutToolsPlugin/Content/Meshes/SM_Blockout_Hemisphere_Q1.uasset" 216
"../../Plugins/Marketplace/BlockoutToolsPlugin/Content/Meshes/SM_Blockout_Hemisphere_Q2.uasset" 217
"../../Plugins/Marketplace/BlockoutToolsPlugin/Content/Meshes/SM_Blockout_Hemisphere_Q3.uasset" 218
"../../Plugins/Marketplace/BlockoutToolsPlugin/Content/Meshes/SM_Blockout_Hemisphere_Q4.uasset" 219
"../../Plugins/Marketplace/BlockoutToolsPlugin/Content/Meshes/SM_Blockout_Sphere_Q1.uasset" 220
"../../Plugins/Marketplace/BlockoutToolsPlugin/Content/Meshes/SM_Blockout_Sphere_Q2.uasset" 221
"../../Plugins/Marketplace/BlockoutToolsPlugin/Content/Meshes/SM_Blockout_Sphere_Q3.uasset" 222
"../../Plugins/Marketplace/BlockoutToolsPlugin/Content/Meshes/SM_Blockout_Sphere_Q4.uasset" 223
"../../Plugins/Marketplace/BlockoutToolsPlugin/Content/Blueprints/Blockout_Sphere.uasset" 224
"../../Plugins/Marketplace/BlockoutToolsPlugin/Content/Blueprints/Utility/EBlockoutStairsType.uasset" 225
"../../Plugins/Marketplace/BlockoutToolsPlugin/Content/Meshes/SM_Blockout_Step_Box_Centered.uasset" 226
"../../Plugins/Marketplace/BlockoutToolsPlugin/Content/Meshes/SM_Blockout_Step_Sloped_Centered.uasset" 227
"../../Plugins/Marketplace/BlockoutToolsPlugin/Content/Blueprints/Blockout_Stairs_Curved.uasset" 228
"../../Plugins/Marketplace/BlockoutToolsPlugin/Content/Meshes/SM_Blockout_Step_Box.uasset" 229
"../../Plugins/Marketplace/BlockoutToolsPlugin/Content/Meshes/SM_Blockout_Step_Sloped_Linear.uasset" 230
"../../Plugins/Marketplace/BlockoutToolsPlugin/Content/Blueprints/Blockout_Stairs_Linear.uasset" 231
"../../Plugins/Marketplace/BlockoutToolsPlugin/Content/Blueprints/Blockout_Stairs_Linear_Manual.uasset" 232
"../../Plugins/Marketplace/BlockoutToolsPlugin/Content/Blueprints/Blockout_Window.uasset" 233
"../../Plugins/Marketplace/BlockoutToolsPlugin/Content/Textures/T_Blockout_Actor_Icon.uasset" 234
"../../Plugins/Marketplace/BlockoutToolsPlugin/Content/Blueprints/Blockout_Box.uasset" 235
"../../Plugins/Marketplace/BlockoutToolsPlugin/Content/Meshes/SM_Blockout_Tube_Q1.uasset" 236
"../../Plugins/Marketplace/BlockoutToolsPlugin/Content/Meshes/SM_Blockout_Tube_Q2.uasset" 237
"../../Plugins/Marketplace/BlockoutToolsPlugin/Content/Meshes/SM_Blockout_Tube_Q3.uasset" 238
"../../Plugins/Marketplace/BlockoutToolsPlugin/Content/Meshes/SM_Blockout_Tube_Q4.uasset" 239
"../../Plugins/Marketplace/BlockoutToolsPlugin/Content/Blueprints/Blockout_Tube.uasset" 240
"../../../../../../GitHub/Unreal Projects/Flow/Content/Blueprints/Core/CameraFOVCurve.uasset" 241
"../../../../../../GitHub/Unreal Projects/Flow/Content/Blueprints/Core/CameraFOVComponent.uasset" 242
"../../../../../../GitHub/Unreal Projects/Flow/Content/Blueprints/Core/FallComponent.uasset" 243
"../../../../../../GitHub/Unreal Projects/Flow/Content/Blueprints/Core/WallRunGravityScaleCurve.uasset" 244
"../../../../../../GitHub/Unreal Projects/Flow/Content/Blueprints/Core/ParkourComponent.uasset" 245
"../../../../../../GitHub/Unreal Projects/Flow/Content/Blueprints/Core/VaultComponent.uasset" 246
"../../../../../../GitHub/Unreal Projects/Flow/Content/Blueprints/Fideo/AC_Sliding.uasset" 247
"../../../../../../GitHub/Unreal Projects/Flow/Content/Art/Music/CharacterSounds/Breating/Breathing_1.uasset" 248
"../../../../../../GitHub/Unreal Projects/Flow/Content/Art/Music/CharacterSounds/Breating/Breathing_2.uasset" 249
"../../../../../../GitHub/Unreal Projects/Flow/Content/Art/Music/CharacterSounds/Breating/Breathing_3.uasset" 250
"../../../../../../GitHub/Unreal Projects/Flow/Content/Art/Music/CharacterSounds/Breating/Breathing_4.uasset" 251
"../../../../../../GitHub/Unreal Projects/Flow/Content/Art/Music/CharacterSounds/Breating/SC_Breathing.uasset" 252
"../../../../../../GitHub/Unreal Projects/Flow/Content/Art/Music/CharacterSounds/FootSteps/SC_Footsteps.uasset" 253
"../../../../../../GitHub/Unreal Projects/Flow/Content/Art/Music/CharacterSounds/Jumping/SC_Jumping.uasset" 254
"../../../../../../GitHub/Unreal Projects/Flow/Content/Art/Music/CharacterSounds/Sliding/Slide_1.uasset" 255
"../../../../../../GitHub/Unreal Projects/Flow/Content/Art/Music/CharacterSounds/Sliding/Slide_2.uasset" 256
"../../../../../../GitHub/Unreal Projects/Flow/Content/Art/Music/Tracks/Track1/Track_1_Beat.uasset" 257
"../../../../../../GitHub/Unreal Projects/Flow/Content/Art/Music/Tracks/Track1/Track_1_Constant.uasset" 258
"../../../../../../GitHub/Unreal Projects/Flow/Content/Blueprints/Fideo/AC_Music.uasset" 259
"../../../../../../GitHub/Unreal Projects/Flow/Content/Blueprints/Core/BP_MainCharacter.uasset" 260
"../../../Engine/Content/BasicShapes/BasicShapeMaterial.uasset" 261
"../../../Engine/Content/BasicShapes/Cube.uasset" 262
"../../../../../../GitHub/Unreal Projects/Flow/Content/Blueprints/Core/Checkpoint.uasset" 263
"../../../../../../GitHub/Unreal Projects/Flow/Content/Blueprints/Core/Death.uasset" 264
"../../../Engine/Content/Functions/Engine_MaterialFunctions01/Gradient/LinearGradient.uasset" 265
"../../../Engine/Content/Functions/Engine_MaterialFunctions01/ImageAdjustment/3ColorBlend.uasset" 266
"../../../Engine/Content/Functions/Engine_MaterialFunctions01/ImageAdjustment/CheapContrast.uasset" 267
"../../../Engine/Content/Functions/Engine_MaterialFunctions02/SafeNormalize.uasset" 268
"../../../Engine/Content/Functions/Engine_MaterialFunctions02/Math/CreateThirdOrthogonalVector.uasset" 269
"../../../Engine/Content/Functions/Engine_MaterialFunctions02/Utility/BreakOutFloat3Components.uasset" 270
"../../../Engine/Content/Functions/Engine_MaterialFunctions02/Math/Transform3x3Matrix.uasset" 271
"../../../Engine/Content/Functions/Engine_MaterialFunctions02/Utility/MakeFloat3.uasset" 272
"../../../Engine/Content/Functions/Engine_MaterialFunctions02/WorldAlignedNormals_HighQuality.uasset" 273
"../../../Engine/Content/EngineMaterials/DefaultNormal_Uncompressed.uasset" 274
"../../../Engine/Content/Functions/Engine_MaterialFunctions01/Texturing/WorldAlignedNormal.uasset" 275
"../../../Engine/Content/Functions/Engine_MaterialFunctions02/Utility/VectorLength.uasset" 276
"../../../Engine/Content/Functions/Engine_MaterialFunctions02/WorldPositionOffset/ObjectScale.uasset" 277
"../../../../../../GitHub/Unreal Projects/Flow/Content/Materials/Blockout/MF_Disolve.uasset" 278
"../../../../../../GitHub/Unreal Projects/Flow/Content/Materials/Blockout/MPC_Opacity.uasset" 279
"../../../../../../GitHub/Unreal Projects/Flow/Content/Materials/Blockout/4v0dcqte.uasset" 280
"../../../../../../GitHub/Unreal Projects/Flow/Content/Materials/Environment/GroundConcrete/GroundConcrete_Normal.uasset" 281
"../../../../../../GitHub/Unreal Projects/Flow/Content/Materials/Environment/StoneImperfections/StoneImperfections_Normal.uasset" 282
"../../../../../../GitHub/Unreal Projects/Flow/Content/Materials/Environment/M_PlatformMaterial2.uasset" 283
"../../../../../../GitHub/Unreal Projects/Flow/Content/Materials/Environment/MI_PlatformMaterial_Blue.uasset" 284
"../../../../../../GitHub/Unreal Projects/Flow/Content/Materials/Environment/M_PlatformMaterial1.uasset" 285
"../../../../../../GitHub/Unreal Projects/Flow/Content/Materials/Environment/MI_PlatformMaterial_Red.uasset" 286
"../../../../../../GitHub/Unreal Projects/Flow/Content/Blueprints/Fideo/Cube.uasset" 287
"../../../../../../GitHub/Unreal Projects/Flow/Content/Blueprints/Fideo/BP_Platform.uasset" 288
"../../../../../../GitHub/Unreal Projects/Flow/Content/Art/UI/Controller_Icons/T_LMB_256x256.uasset" 289
"../../../../../../GitHub/Unreal Projects/Flow/Content/Art/UI/Controller_Icons/T_RMB_256x256.uasset" 290
"../../../../../../GitHub/Unreal Projects/Flow/Content/Blueprints/Fideo/WBP_Mouse.uasset" 291
"../../../../../../GitHub/Unreal Projects/Flow/Content/Blueprints/Fideo/PC.uasset" 292
"../../../../../../GitHub/Unreal Projects/Flow/Content/Blueprints/Core/GM.uasset" 293
"../../../../../../GitHub/Unreal Projects/Flow/Content/BlockingStarterPack/Materials/MPC_BlockingTextureSwitch.uasset" 294
"../../../../../../GitHub/Unreal Projects/Flow/Content/BlockingStarterPack/Textures/T_Dev_N.uasset" 295
"../../../../../../GitHub/Unreal Projects/Flow/Content/BlockingStarterPack/Textures/T_DevBlack_D.uasset" 296
"../../../../../../GitHub/Unreal Projects/Flow/Content/BlockingStarterPack/Textures/T_DevTileMask_D.uasset" 297
"../../../../../../GitHub/Unreal Projects/Flow/Content/BlockingStarterPack/Materials/Blocking/M_DevBlack.uasset" 298
"../../../../../../GitHub/Unreal Projects/Flow/Content/BlockingStarterPack/Textures/T_DevGray_D.uasset" 299
"../../../../../../GitHub/Unreal Projects/Flow/Content/BlockingStarterPack/Textures/T_DevGrayText_D.uasset" 300
"../../../../../../GitHub/Unreal Projects/Flow/Content/BlockingStarterPack/Materials/Blocking/M_DevWhite.uasset" 301
"../../../Engine/Content/Functions/Engine_MaterialFunctions01/Texturing/WorldAlignedTexture.uasset" 302
"../../../../../../GitHub/Unreal Projects/Flow/Content/Materials/Environment/GroundConcrete/GroundConcrete_BaseColor.uasset" 303
"../../../../../../GitHub/Unreal Projects/Flow/Content/Materials/Environment/GroundConcrete/GroundConcrete_Metallic.uasset" 304
"../../../../../../GitHub/Unreal Projects/Flow/Content/Materials/Environment/GroundConcrete/GroundConcrete_Roughness.uasset" 305
"../../../../../../GitHub/Unreal Projects/Flow/Content/Materials/Environment/StoneImperfections/StoneImperfections_BaseColor.uasset" 306
"../../../../../../GitHub/Unreal Projects/Flow/Content/Materials/Environment/M_EnvMaster_WA.uasset" 307
"../../../Engine/Content/EngineMaterials/BlendFunc_DefBase.uasset" 308
"../../../Engine/Content/EngineMaterials/BlendFunc_DefBlend.uasset" 309
"../../../Engine/Content/Functions/Engine_MaterialFunctions03/Blends/Blend_Screen.uasset" 310
"../../Plugins/Marketplace/BlockoutToolsPlugin/Content/Textures/T_Blockout_Grid.uasset" 311
"../../../Engine/Content/EngineMaterials/DefaultWhiteGrid.uasset" 312
"../../Plugins/Marketplace/BlockoutToolsPlugin/Content/Materials/Functions/MF_Blockout_Grid.uasset" 313
"../../Plugins/Marketplace/BlockoutToolsPlugin/Content/Materials/Functions/MF_Blockout_Triplanar_Grid.uasset" 314
"../../Plugins/Marketplace/BlockoutToolsPlugin/Content/Materials/M_BlockoutTools_Grid.uasset" 315
"../../Plugins/Marketplace/BlockoutToolsPlugin/Content/Materials/MI_BlockoutTools_Grid.uasset" 316
"../../../../../../GitHub/Unreal Projects/Flow/Content/Materials/Blockout/MM_Blockout.uasset" 317
"../../../../../../GitHub/Unreal Projects/Flow/Content/Materials/Blockout/MI_Red.uasset" 318
"../../../../../../GitHub/Unreal Projects/Flow/Content/Materials/Environment/MI_Env_White.uasset" 319
"../../../../../../GitHub/Unreal Projects/Flow/Content/Materials/Environment/MI_Env_Orange.uasset" 320
"../../../../../../GitHub/Unreal Projects/Flow/Content/Meshes/BackgroundCubes1.uasset" 321
"../../../../../../GitHub/Unreal Projects/Flow/Content/Meshes/Material.uasset" 322
"../../../../../../GitHub/Unreal Projects/Flow/Content/Meshes/Plastic_Gray.uasset" 323
"../../../../../../GitHub/Unreal Projects/Flow/Content/Meshes/Level.uasset" 324
"../../../../../../GitHub/Unreal Projects/Flow/Content/Meshes/LevelEnd.uasset" 325
"../../../../../../GitHub/Unreal Projects/Flow/Content/Meshes/Platforms/Material_001.uasset" 326
"../../../../../../GitHub/Unreal Projects/Flow/Content/Meshes/Platforms/Platform1.uasset" 327
"../../../../../../GitHub/Unreal Projects/Flow/Content/Maps/Amin/Level01.umap" 328
"../../../../../../GitHub/Unreal Projects/Flow/Content/Blueprints/Core/NextLevelBox.uasset" 329
"../../../../../../GitHub/Unreal Projects/Flow/Content/Maps/Amin/Tutorial_level_BuiltData.uasset" 330
"../../../../../../GitHub/Unreal Projects/Flow/Content/Maps/Amin/Tutorial_level.umap" 331
"../../../Engine/Content/Functions/Engine_MaterialFunctions03/ComplexMotion/Motion_4WayChaos.uasset" 332
"../../../Engine/Content/Engine_MI_Shaders/T_Base_Tile_Normal.uasset" 333
"../../../Engine/Content/Functions/Engine_MaterialFunctions03/ComplexMotion/Motion_4WayChaos_Normal.uasset" 334
"../../../Engine/Content/MapTemplates/Sky/DaylightAmbientCubemap.uasset" 335
"../../../../../../GitHub/Unreal Projects/Flow/Content/WaterPlane/Lake/Textures/T_SmallWaves_N.uasset" 336
"../../../../../../GitHub/Unreal Projects/Flow/Content/WaterPlane/Ocean/Materials/OceanWater_SS.uasset" 337
"../../../../../../GitHub/Unreal Projects/Flow/Content/WaterPlane/Ocean/Textures/T_LargeWaves_H.uasset" 338
"../../../../../../GitHub/Unreal Projects/Flow/Content/WaterPlane/Ocean/Textures/T_LargeWaves_N.uasset" 339
"../../../../../../GitHub/Unreal Projects/Flow/Content/WaterPlane/Ocean/Textures/T_Seafoam_01.uasset" 340
"../../../../../../GitHub/Unreal Projects/Flow/Content/WaterPlane/Ocean/Materials/M_OceanWater_1.uasset" 341
"../../../Engine/Content/MapTemplates/Sky/Desert_Outer_HDR.uasset" 342
"../../../../../../GitHub/Unreal Projects/Flow/Content/WaterPlane/Ocean/Materials/M_OceanWater_1_Inst.uasset" 343
"../../../../../../GitHub/Unreal Projects/Flow/Content/WaterPlane/Meshes/SM_OceanWater.uasset" 344
"../../../../../../GitHub/Unreal Projects/Flow/Content/WaterPlane/Ocean/Blueprint/BP_OceanWater.uasset" 345
"../../../../../../GitHub/Unreal Projects/Flow/Content/Maps/Amin/z_Lighting_BuiltData.uasset" 346
"../../../Engine/Content/Functions/Engine_MaterialFunctions02/SplitComponents.uasset" 347
"../../../Engine/Content/MapTemplates/TilingNoise05.uasset" 348
"../../../Engine/Content/EngineSky/M_SkyTimeOfDay.uasset" 349
"../../../Engine/Content/Functions/Engine_MaterialFunctions01/ImageAdjustment/SCurve.uasset" 350
"../../../Engine/Content/Functions/Engine_MaterialFunctions01/Texturing/TriplanarCameraVector.uasset" 351
"../../../Engine/Content/Functions/Engine_MaterialFunctions02/Math/AddComponents.uasset" 352
"../../../Engine/Content/Functions/Engine_MaterialFunctions02/Texturing/WorldPositionWithScale.uasset" 353
"../../../Engine/Content/Functions/Engine_MaterialFunctions02/Utility/Sign.uasset" 354
"../../../Engine/Content/Functions/Engine_MaterialFunctions02/Utility/Round.uasset" 355
"../../../Engine/Content/Functions/Engine_MaterialFunctions03/Blends/Blend_Difference.uasset" 356
"../../../../../../GitHub/Unreal Projects/Flow/Content/AdvancedCelShader/CelShader/MaterialFunctions/Posterize.uasset" 357
"../../../../../../GitHub/Unreal Projects/Flow/Content/AdvancedCelShader/CelShader/MaterialFunctions/CelPosterize.uasset" 358
"../../../../../../GitHub/Unreal Projects/Flow/Content/AdvancedCelShader/CelShader/MaterialFunctions/CustomBlur1.uasset" 359
"../../../../../../GitHub/Unreal Projects/Flow/Content/AdvancedCelShader/CelShader/MaterialFunctions/CustomBlur2.uasset" 360
"../../../../../../GitHub/Unreal Projects/Flow/Content/AdvancedCelShader/CelShader/MaterialFunctions/DepthMask.uasset" 361
"../../../../../../GitHub/Unreal Projects/Flow/Content/AdvancedCelShader/CelShader/MaterialFunctions/EdgeDetectColour.uasset" 362
"../../../../../../GitHub/Unreal Projects/Flow/Content/AdvancedCelShader/CelShader/MaterialFunctions/EdgeDetectDepth.uasset" 363
"../../../../../../GitHub/Unreal Projects/Flow/Content/AdvancedCelShader/CelShader/MaterialFunctions/InnerShadow.uasset" 364
"../../../../../../GitHub/Unreal Projects/Flow/Content/AdvancedCelShader/CelShader/MaterialFunctions/MaskSky.uasset" 365
"../../../../../../GitHub/Unreal Projects/Flow/Content/AdvancedCelShader/CelShader/MaterialFunctions/OuterShadow.uasset" 366
"../../../../../../GitHub/Unreal Projects/Flow/Content/AdvancedCelShader/CelShader/MaterialFunctions/PixellateUVs.uasset" 367
"../../../../../../GitHub/Unreal Projects/Flow/Content/AdvancedCelShader/CelShader/MaterialFunctions/SkyMask.uasset" 368
"../../../../../../GitHub/Unreal Projects/Flow/Content/AdvancedCelShader/CelShader/MaterialFunctions/Slider.uasset" 369
"../../../../../../GitHub/Unreal Projects/Flow/Content/AdvancedCelShader/CelShader/Textures/PrintDots.uasset" 370
"../../../../../../GitHub/Unreal Projects/Flow/Content/AdvancedCelShader/CelShader/Textures/sketch_mask_2.uasset" 371
"../../../../../../GitHub/Unreal Projects/Flow/Content/AdvancedCelShader/CelShader/Textures/spatter.uasset" 372
"../../../../../../GitHub/Unreal Projects/Flow/Content/AdvancedCelShader/CelShader/Textures/watercolour_texture.uasset" 373
"../../../../../../GitHub/Unreal Projects/Flow/Content/AdvancedCelShader/CelShader/Materials/CelShader.uasset" 374
"../../../../../../GitHub/Unreal Projects/Flow/Content/AdvancedCelShader/CelShader/Presets/CelShaderAnime.uasset" 375
"../../../../../../GitHub/Unreal Projects/Flow/Content/TS_PostProcess/PostProcess/PPM_TS_InkOnly.uasset" 376
"../../../../../../GitHub/Unreal Projects/Flow/Content/TS_PostProcess/PostProcess/Instances/PPM_TS_InkAndPaper_BlackLine.uasset" 377
"../../../../../../GitHub/Unreal Projects/Flow/Content/TS_PostProcess/PostProcess/PPM_TS_ToonShader.uasset" 378
"../../../../../../GitHub/Unreal Projects/Flow/Content/TS_PostProcess/PostProcess/Instances/PPM_TS_ToonShader_Inst.uasset" 379
"../../../Engine/Content/BasicShapes/Sphere.uasset" 380
"../../../../../../GitHub/Unreal Projects/Flow/Content/Maps/Amin/z_Lighting.umap" 381
"../../../../../../GitHub/Unreal Projects/Flow/Content/UI/MainMenu.uasset" 382
"../../../../../../GitHub/Unreal Projects/Flow/Content/UI/LevelMenu.umap" 383
"../../../Engine/Content/EngineMaterials/T_Default_BaseColor.uasset" 384
"../../Plugins/Marketplace/BlockoutToolsPlugin/Content/Materials/Functions/MF_Blockout_Triplanar.uasset" 385
"../../../Engine/Content/EngineMaterials/T_Default_Normal.uasset" 386
"../../Plugins/Marketplace/BlockoutToolsPlugin/Content/Materials/Functions/MF_Blockout_Triplanar_Normal.uasset" 387
"../../Plugins/Marketplace/BlockoutToolsPlugin/Content/Materials/M_BlockoutTools_Custom.uasset" 388
"../../Plugins/Marketplace/BlockoutToolsPlugin/Content/Materials/MI_BlockoutTools_Custom.uasset" 389
"../../../../../../GitHub/Unreal Projects/Flow/Content/UI/Tutorial_level_2.umap" 390
"../../../Engine/Content/Maps/Entry_BuiltData.uasset" 391
"../../../Engine/Content/Maps/Entry.umap" 392
